module-mine/build/intermediates/manifest_merge_blame_file/debug/manifest-merger-blame-debug-report.txt
1<?xml version="1.0" encoding="utf-8"?>
2<manifest xmlns:android="http://schemas.android.com/apk/res/android"
3    package="com.yangchoi.module_mine" >
4
5    <uses-sdk
6        android:minSdkVersion="21"
6-->src\main\AndroidManifest.xml
7        android:targetSdkVersion="30" />
7-->src\main\AndroidManifest.xml
8
9    <application>
9-->src\main\AndroidManifest.xml:5:5-8:19
10        <activity android:name="com.yangchoi.module_mine.activity.UserInfoActivity" />
10-->src\main\AndroidManifest.xml:6:9-62
10-->src\main\AndroidManifest.xml:6:19-60
11        <activity android:name="com.yangchoi.module_mine.activity.AboutUsActivity" />
11-->src\main\AndroidManifest.xml:7:9-61
11-->src\main\AndroidManifest.xml:7:19-59
12    </application>
13
14</manifest>